22:54:08.828 INFO  Bean 'org.springframework.retry.annotation.RetryConfiguration' of type [org.springframework.retry.annotation.RetryConfiguration$$EnhancerBySpringCGLIB$$13107506] is not eligible for getting processed by all BeanPostProcessors (for example: not eligible for auto-proxying)
22:54:08.845 INFO  Bean 'org.springframework.cloud.autoconfigure.ConfigurationPropertiesRebinderAutoConfiguration' of type [org.springframework.cloud.autoconfigure.ConfigurationPropertiesRebinderAutoConfiguration$$EnhancerBySpringCGLIB$$3966dfde] is not eligible for getting processed by all BeanPostProcessors (for example: not eligible for auto-proxying)
22:54:09.804 INFO  Located property source: CompositePropertySource {name='consul', propertySources=[ConsulPropertySource {name='config/account-service/'}, ConsulPropertySource {name='config/application/'}]}
22:54:09.860 INFO  No active profile set, falling back to default profiles: default
22:54:10.748 WARN  Endpoint ID 'bus-env' contains invalid characters, please migrate to a valid format.
22:54:11.173 WARN  Endpoint ID 'bus-refresh' contains invalid characters, please migrate to a valid format.
22:54:11.272 WARN  Endpoint ID 'service-registry' contains invalid characters, please migrate to a valid format.
22:54:11.777 INFO  BeanFactory id=40b31d3f-006f-3b63-a843-3d3122228164
22:54:12.280 INFO  No bean named 'errorChannel' has been explicitly defined. Therefore, a default PublishSubscribeChannel will be created.
22:54:12.294 INFO  No bean named 'taskScheduler' has been explicitly defined. Therefore, a default ThreadPoolTaskScheduler will be created.
22:54:12.305 INFO  No bean named 'integrationHeaderChannelRegistry' has been explicitly defined. Therefore, a default DefaultHeaderChannelRegistry will be created.
22:54:12.376 INFO  Bean 'org.springframework.retry.annotation.RetryConfiguration' of type [org.springframework.retry.annotation.RetryConfiguration$$EnhancerBySpringCGLIB$$13107506] is not eligible for getting processed by all BeanPostProcessors (for example: not eligible for auto-proxying)
22:54:12.769 INFO  Bean 'integrationChannelResolver' of type [org.springframework.integration.support.channel.BeanFactoryChannelResolver] is not eligible for getting processed by all BeanPostProcessors (for example: not eligible for auto-proxying)
22:54:12.779 INFO  Bean 'integrationDisposableAutoCreatedBeans' of type [org.springframework.integration.config.annotation.Disposables] is not eligible for getting processed by all BeanPostProcessors (for example: not eligible for auto-proxying)
22:54:12.814 INFO  Bean 'org.springframework.integration.config.IntegrationManagementConfiguration' of type [org.springframework.integration.config.IntegrationManagementConfiguration] is not eligible for getting processed by all BeanPostProcessors (for example: not eligible for auto-proxying)
22:54:12.828 INFO  Bean 'org.springframework.boot.autoconfigure.integration.IntegrationAutoConfiguration$IntegrationJmxConfiguration' of type [org.springframework.boot.autoconfigure.integration.IntegrationAutoConfiguration$IntegrationJmxConfiguration] is not eligible for getting processed by all BeanPostProcessors (for example: not eligible for auto-proxying)
22:54:12.840 INFO  Bean 'org.springframework.boot.autoconfigure.jmx.JmxAutoConfiguration' of type [org.springframework.boot.autoconfigure.jmx.JmxAutoConfiguration] is not eligible for getting processed by all BeanPostProcessors (for example: not eligible for auto-proxying)
22:54:12.849 INFO  Bean 'mbeanServer' of type [com.sun.jmx.mbeanserver.JmxMBeanServer] is not eligible for getting processed by all BeanPostProcessors (for example: not eligible for auto-proxying)
22:54:12.896 INFO  Bean 'org.springframework.cloud.autoconfigure.ConfigurationPropertiesRebinderAutoConfiguration' of type [org.springframework.cloud.autoconfigure.ConfigurationPropertiesRebinderAutoConfiguration$$EnhancerBySpringCGLIB$$3966dfde] is not eligible for getting processed by all BeanPostProcessors (for example: not eligible for auto-proxying)
22:54:13.958 INFO  Tomcat initialized with port(s): 54216 (http)
22:54:13.974 INFO  Initializing ProtocolHandler ["http-nio-54216"]
22:54:13.976 INFO  Starting service [Tomcat]
22:54:13.976 INFO  Starting Servlet engine: [Apache Tomcat/9.0.27]
22:54:14.151 INFO  Initializing Spring embedded WebApplicationContext
22:54:14.151 INFO  Root WebApplicationContext: initialization completed in 4276 ms
22:54:14.431 WARN  No URLs will be polled as dynamic configuration sources.
22:54:14.431 INFO  To enable URLs as dynamic configuration sources, define System property archaius.configurationSource.additionalUrls or make config.properties available on classpath.
22:54:14.445 INFO  DynamicPropertyFactory is initialized with configuration sources: com.netflix.config.ConcurrentCompositeConfiguration@283bb8b7
22:54:15.353 INFO  Initializing ExecutorService 'taskScheduler'
22:54:16.450 DEBUG Filter 'requestLoggingFilter' configured for use
22:54:16.499 WARN  No URLs will be polled as dynamic configuration sources.
22:54:16.499 INFO  To enable URLs as dynamic configuration sources, define System property archaius.configurationSource.additionalUrls or make config.properties available on classpath.
22:54:16.870 INFO  Initializing ExecutorService 'applicationTaskExecutor'
22:54:17.434 INFO  Looking up function 'null' with acceptedOutputTypes: []
22:54:17.839 WARN  You already have RibbonLoadBalancerClient on your classpath. It will be used by default. As Spring Cloud Ribbon is in maintenance mode. We recommend switching to BlockingLoadBalancerClient instead. In order to use it, set the value of `spring.cloud.loadbalancer.ribbon.enabled` to `false` or remove spring-cloud-starter-netflix-ribbon from your project.
22:54:18.201 INFO  Initializing ExecutorService 'configWatchTaskScheduler'
22:54:18.268 INFO  Initializing ExecutorService 'catalogWatchTaskScheduler'
22:54:18.666 INFO  Exposing 2 endpoint(s) beneath base path '/actuator'
22:54:18.921 INFO  Channel 'account-service-1.springCloudBusInput' has 1 subscriber(s).
22:54:19.106 INFO  Registering MessageChannel nullChannel
22:54:19.291 INFO  Registering MessageChannel errorChannel
22:54:20.023 INFO  Registering MessageChannel springCloudBusInput
22:54:20.345 INFO  Registering MessageChannel springCloudBusOutput
22:54:20.445 INFO  Registering MessageHandler errorLogger
22:54:20.657 INFO  Registering MessageHandler org.springframework.cloud.stream.binding.StreamListenerMessageHandler@65b1693c
22:54:20.934 INFO  Adding {logging-channel-adapter:_org.springframework.integration.errorLogger} as a subscriber to the 'errorChannel' channel
22:54:20.934 INFO  Channel 'account-service-1.errorChannel' has 1 subscriber(s).
22:54:20.935 INFO  started bean '_org.springframework.integration.errorLogger'
22:54:21.040 INFO  Located property source: CompositePropertySource {name='consul', propertySources=[ConsulPropertySource {name='config/account-service/'}, ConsulPropertySource {name='config/application/'}]}
22:54:21.516 INFO  Adding {message-handler:outbound.springCloudBus} as a subscriber to the 'springCloudBusOutput' channel
22:54:21.516 INFO  Channel 'account-service-1.springCloudBusOutput' has 1 subscriber(s).
22:54:21.516 INFO  started bean 'outbound.springCloudBus'
22:54:21.550 INFO  started org.springframework.cloud.consul.binder.ConsulInboundMessageProducer@1fce6eb4
22:54:21.587 INFO  Starting ProtocolHandler ["http-nio-54216"]
22:54:21.688 INFO  Tomcat started on port(s): 54216 (http) with context path ''
22:55:03.138 INFO  Bean 'org.springframework.retry.annotation.RetryConfiguration' of type [org.springframework.retry.annotation.RetryConfiguration$$EnhancerBySpringCGLIB$$3300a32b] is not eligible for getting processed by all BeanPostProcessors (for example: not eligible for auto-proxying)
22:55:03.145 INFO  Bean 'org.springframework.cloud.autoconfigure.ConfigurationPropertiesRebinderAutoConfiguration' of type [org.springframework.cloud.autoconfigure.ConfigurationPropertiesRebinderAutoConfiguration$$EnhancerBySpringCGLIB$$59570e03] is not eligible for getting processed by all BeanPostProcessors (for example: not eligible for auto-proxying)
22:55:03.968 INFO  Located property source: CompositePropertySource {name='consul', propertySources=[ConsulPropertySource {name='config/account-service/'}, ConsulPropertySource {name='config/application/'}]}
22:55:04.162 INFO  No active profile set, falling back to default profiles: default
22:55:05.450 WARN  Endpoint ID 'bus-env' contains invalid characters, please migrate to a valid format.
22:55:05.862 WARN  Endpoint ID 'bus-refresh' contains invalid characters, please migrate to a valid format.
22:55:05.918 WARN  Endpoint ID 'service-registry' contains invalid characters, please migrate to a valid format.
22:55:06.384 INFO  BeanFactory id=40b31d3f-006f-3b63-a843-3d3122228164
22:55:06.665 INFO  No bean named 'errorChannel' has been explicitly defined. Therefore, a default PublishSubscribeChannel will be created.
22:55:06.685 INFO  No bean named 'taskScheduler' has been explicitly defined. Therefore, a default ThreadPoolTaskScheduler will be created.
22:55:06.697 INFO  No bean named 'integrationHeaderChannelRegistry' has been explicitly defined. Therefore, a default DefaultHeaderChannelRegistry will be created.
22:55:06.944 INFO  Bean 'org.springframework.retry.annotation.RetryConfiguration' of type [org.springframework.retry.annotation.RetryConfiguration$$EnhancerBySpringCGLIB$$3300a32b] is not eligible for getting processed by all BeanPostProcessors (for example: not eligible for auto-proxying)
22:55:07.774 INFO  Bean 'integrationChannelResolver' of type [org.springframework.integration.support.channel.BeanFactoryChannelResolver] is not eligible for getting processed by all BeanPostProcessors (for example: not eligible for auto-proxying)
22:55:07.788 INFO  Bean 'integrationDisposableAutoCreatedBeans' of type [org.springframework.integration.config.annotation.Disposables] is not eligible for getting processed by all BeanPostProcessors (for example: not eligible for auto-proxying)
22:55:07.840 INFO  Bean 'org.springframework.integration.config.IntegrationManagementConfiguration' of type [org.springframework.integration.config.IntegrationManagementConfiguration] is not eligible for getting processed by all BeanPostProcessors (for example: not eligible for auto-proxying)
22:55:07.875 INFO  Bean 'org.springframework.boot.autoconfigure.integration.IntegrationAutoConfiguration$IntegrationJmxConfiguration' of type [org.springframework.boot.autoconfigure.integration.IntegrationAutoConfiguration$IntegrationJmxConfiguration] is not eligible for getting processed by all BeanPostProcessors (for example: not eligible for auto-proxying)
22:55:07.896 INFO  Bean 'org.springframework.boot.autoconfigure.jmx.JmxAutoConfiguration' of type [org.springframework.boot.autoconfigure.jmx.JmxAutoConfiguration] is not eligible for getting processed by all BeanPostProcessors (for example: not eligible for auto-proxying)
22:55:07.909 INFO  Bean 'mbeanServer' of type [com.sun.jmx.mbeanserver.JmxMBeanServer] is not eligible for getting processed by all BeanPostProcessors (for example: not eligible for auto-proxying)
22:55:08.059 INFO  Bean 'org.springframework.cloud.autoconfigure.ConfigurationPropertiesRebinderAutoConfiguration' of type [org.springframework.cloud.autoconfigure.ConfigurationPropertiesRebinderAutoConfiguration$$EnhancerBySpringCGLIB$$59570e03] is not eligible for getting processed by all BeanPostProcessors (for example: not eligible for auto-proxying)
22:55:08.983 INFO  Tomcat initialized with port(s): 54216 (http)
22:55:08.997 INFO  Initializing ProtocolHandler ["http-nio-54216"]
22:55:08.998 INFO  Starting service [Tomcat]
22:55:08.999 INFO  Starting Servlet engine: [Apache Tomcat/9.0.27]
22:55:09.117 INFO  Initializing Spring embedded WebApplicationContext
22:55:09.117 INFO  Root WebApplicationContext: initialization completed in 4905 ms
22:55:09.449 WARN  No URLs will be polled as dynamic configuration sources.
22:55:09.449 INFO  To enable URLs as dynamic configuration sources, define System property archaius.configurationSource.additionalUrls or make config.properties available on classpath.
22:55:09.458 INFO  DynamicPropertyFactory is initialized with configuration sources: com.netflix.config.ConcurrentCompositeConfiguration@56b66a26
22:55:10.201 INFO  Initializing ExecutorService 'taskScheduler'
22:55:10.773 DEBUG Filter 'requestLoggingFilter' configured for use
22:55:10.811 WARN  No URLs will be polled as dynamic configuration sources.
22:55:10.812 INFO  To enable URLs as dynamic configuration sources, define System property archaius.configurationSource.additionalUrls or make config.properties available on classpath.
22:55:10.988 INFO  Initializing ExecutorService 'applicationTaskExecutor'
22:55:11.487 INFO  Looking up function 'null' with acceptedOutputTypes: []
22:55:11.920 WARN  You already have RibbonLoadBalancerClient on your classpath. It will be used by default. As Spring Cloud Ribbon is in maintenance mode. We recommend switching to BlockingLoadBalancerClient instead. In order to use it, set the value of `spring.cloud.loadbalancer.ribbon.enabled` to `false` or remove spring-cloud-starter-netflix-ribbon from your project.
22:55:12.113 INFO  Initializing ExecutorService 'configWatchTaskScheduler'
22:55:12.136 INFO  Initializing ExecutorService 'catalogWatchTaskScheduler'
22:55:12.320 INFO  Exposing 2 endpoint(s) beneath base path '/actuator'
22:55:12.561 INFO  Channel 'account-service-1.springCloudBusInput' has 1 subscriber(s).
22:55:12.674 INFO  Registering MessageChannel springCloudBusInput
22:55:12.820 INFO  Registering MessageChannel errorChannel
22:55:12.860 INFO  Registering MessageChannel springCloudBusOutput
22:55:12.878 INFO  Registering MessageChannel nullChannel
22:55:12.909 INFO  Registering MessageHandler errorLogger
22:55:12.931 INFO  Registering MessageHandler org.springframework.cloud.stream.binding.StreamListenerMessageHandler@24d73c51
22:55:13.066 INFO  Adding {logging-channel-adapter:_org.springframework.integration.errorLogger} as a subscriber to the 'errorChannel' channel
22:55:13.066 INFO  Channel 'account-service-1.errorChannel' has 1 subscriber(s).
22:55:13.069 INFO  started bean '_org.springframework.integration.errorLogger'
22:55:13.215 INFO  Located property source: CompositePropertySource {name='consul', propertySources=[ConsulPropertySource {name='config/account-service/'}, ConsulPropertySource {name='config/application/'}]}
22:55:13.285 INFO  Adding {message-handler:outbound.springCloudBus} as a subscriber to the 'springCloudBusOutput' channel
22:55:13.285 INFO  Channel 'account-service-1.springCloudBusOutput' has 1 subscriber(s).
22:55:13.285 INFO  started bean 'outbound.springCloudBus'
22:55:13.349 INFO  started org.springframework.cloud.consul.binder.ConsulInboundMessageProducer@6b35b0f4
22:55:13.432 INFO  Starting ProtocolHandler ["http-nio-54216"]
22:55:13.459 INFO  Tomcat started on port(s): 54216 (http) with context path ''
22:55:48.196 INFO  Registering service with consul: NewService{id='m-192-168-31-163-account-service-54216', name='account-service', tags=[secure=false], address='192.168.31.163', meta=null, port=54216, enableTagOverride=null, check=Check{script='null', interval='10s', ttl='null', http='http://192.168.31.163:54216/actuator/health', method='null', header={}, tcp='null', timeout='null', deregisterCriticalServiceAfter='null', tlsSkipVerify=null, status='null'}, checks=null}
22:55:48.296 INFO  Started AccountApplication in 48.378 seconds (JVM running for 56.365)
22:55:49.114 INFO  Initializing Spring DispatcherServlet 'dispatcherServlet'
22:55:49.119 INFO  Initializing Servlet 'dispatcherServlet'
22:55:49.159 INFO  Completed initialization in 39 ms
22:55:52.498 DEBUG Before request [GET /actuator/health, headers=[host:"192.168.31.163:54216", user-agent:"Consul Health Check", accept:"text/plain, text/*, */*", accept-encoding:"gzip", connection:"close"]]
22:55:52.633 DEBUG REQ:GET /actuator/health, headers=[host:"192.168.31.163:54216", user-agent:"Consul Health Check", accept:"text/plain, text/*, */*", accept-encoding:"gzip", connection:"close"]]
22:55:59.239 INFO  stopped org.springframework.cloud.consul.binder.ConsulInboundMessageProducer@6b35b0f4
22:55:59.240 INFO  Removing {message-handler:outbound.springCloudBus} as a subscriber to the 'springCloudBusOutput' channel
22:55:59.254 INFO  Channel 'account-service-1.springCloudBusOutput' has 0 subscriber(s).
22:55:59.256 INFO  stopped bean 'outbound.springCloudBus'
22:55:59.260 INFO  Removing {logging-channel-adapter:_org.springframework.integration.errorLogger} as a subscriber to the 'errorChannel' channel
22:55:59.266 INFO  Channel 'account-service-1.errorChannel' has 0 subscriber(s).
22:55:59.267 INFO  stopped bean '_org.springframework.integration.errorLogger'
22:55:59.297 INFO  Shutting down ExecutorService 'catalogWatchTaskScheduler'
22:55:59.298 INFO  Shutting down ExecutorService 'configWatchTaskScheduler'
22:55:59.299 INFO  Deregistering service with consul: m-192-168-31-163-account-service-54216
22:55:59.321 INFO  Shutting down ExecutorService 'applicationTaskExecutor'
22:55:59.363 INFO  Shutting down ExecutorService 'taskScheduler'
22:55:59.392 INFO  Summary on shutdown: bean 'springCloudBusInput'
22:55:59.394 INFO  Summary on shutdown: bean 'errorChannel'
22:55:59.395 INFO  Summary on shutdown: bean 'springCloudBusOutput'
22:55:59.395 INFO  Summary on shutdown: nullChannel
22:55:59.395 INFO  Summary on shutdown: bean '_org.springframework.integration.errorLogger.handler' for component '_org.springframework.integration.errorLogger'
22:55:59.396 INFO  Summary on shutdown: org.springframework.cloud.stream.binding.StreamListenerMessageHandler@24d73c51
22:57:31.916 INFO  Bean 'org.springframework.retry.annotation.RetryConfiguration' of type [org.springframework.retry.annotation.RetryConfiguration$$EnhancerBySpringCGLIB$$5af19493] is not eligible for getting processed by all BeanPostProcessors (for example: not eligible for auto-proxying)
22:57:31.925 INFO  Bean 'org.springframework.cloud.autoconfigure.ConfigurationPropertiesRebinderAutoConfiguration' of type [org.springframework.cloud.autoconfigure.ConfigurationPropertiesRebinderAutoConfiguration$$EnhancerBySpringCGLIB$$8147ff6b] is not eligible for getting processed by all BeanPostProcessors (for example: not eligible for auto-proxying)
22:57:35.269 INFO  Located property source: CompositePropertySource {name='consul', propertySources=[ConsulPropertySource {name='config/account-service/'}, ConsulPropertySource {name='config/application/'}]}
22:57:40.198 INFO  No active profile set, falling back to default profiles: default
22:57:40.932 WARN  Endpoint ID 'bus-env' contains invalid characters, please migrate to a valid format.
22:57:41.273 WARN  Endpoint ID 'bus-refresh' contains invalid characters, please migrate to a valid format.
22:57:41.470 WARN  Endpoint ID 'service-registry' contains invalid characters, please migrate to a valid format.
22:57:41.857 INFO  BeanFactory id=40b31d3f-006f-3b63-a843-3d3122228164
22:57:41.996 INFO  No bean named 'errorChannel' has been explicitly defined. Therefore, a default PublishSubscribeChannel will be created.
22:57:42.006 INFO  No bean named 'taskScheduler' has been explicitly defined. Therefore, a default ThreadPoolTaskScheduler will be created.
22:57:42.012 INFO  No bean named 'integrationHeaderChannelRegistry' has been explicitly defined. Therefore, a default DefaultHeaderChannelRegistry will be created.
22:57:42.084 INFO  Bean 'org.springframework.retry.annotation.RetryConfiguration' of type [org.springframework.retry.annotation.RetryConfiguration$$EnhancerBySpringCGLIB$$5af19493] is not eligible for getting processed by all BeanPostProcessors (for example: not eligible for auto-proxying)
22:57:42.519 INFO  Bean 'integrationChannelResolver' of type [org.springframework.integration.support.channel.BeanFactoryChannelResolver] is not eligible for getting processed by all BeanPostProcessors (for example: not eligible for auto-proxying)
22:57:42.529 INFO  Bean 'integrationDisposableAutoCreatedBeans' of type [org.springframework.integration.config.annotation.Disposables] is not eligible for getting processed by all BeanPostProcessors (for example: not eligible for auto-proxying)
22:57:42.568 INFO  Bean 'org.springframework.integration.config.IntegrationManagementConfiguration' of type [org.springframework.integration.config.IntegrationManagementConfiguration] is not eligible for getting processed by all BeanPostProcessors (for example: not eligible for auto-proxying)
22:57:42.585 INFO  Bean 'org.springframework.boot.autoconfigure.integration.IntegrationAutoConfiguration$IntegrationJmxConfiguration' of type [org.springframework.boot.autoconfigure.integration.IntegrationAutoConfiguration$IntegrationJmxConfiguration] is not eligible for getting processed by all BeanPostProcessors (for example: not eligible for auto-proxying)
22:57:42.598 INFO  Bean 'org.springframework.boot.autoconfigure.jmx.JmxAutoConfiguration' of type [org.springframework.boot.autoconfigure.jmx.JmxAutoConfiguration] is not eligible for getting processed by all BeanPostProcessors (for example: not eligible for auto-proxying)
22:57:42.605 INFO  Bean 'mbeanServer' of type [com.sun.jmx.mbeanserver.JmxMBeanServer] is not eligible for getting processed by all BeanPostProcessors (for example: not eligible for auto-proxying)
22:57:42.654 INFO  Bean 'org.springframework.cloud.autoconfigure.ConfigurationPropertiesRebinderAutoConfiguration' of type [org.springframework.cloud.autoconfigure.ConfigurationPropertiesRebinderAutoConfiguration$$EnhancerBySpringCGLIB$$8147ff6b] is not eligible for getting processed by all BeanPostProcessors (for example: not eligible for auto-proxying)
22:57:43.202 INFO  Tomcat initialized with port(s): 54216 (http)
22:57:43.222 INFO  Initializing ProtocolHandler ["http-nio-54216"]
22:57:43.223 INFO  Starting service [Tomcat]
22:57:43.223 INFO  Starting Servlet engine: [Apache Tomcat/9.0.27]
22:57:43.371 INFO  Initializing Spring embedded WebApplicationContext
22:57:43.371 INFO  Root WebApplicationContext: initialization completed in 3159 ms
22:57:43.612 WARN  No URLs will be polled as dynamic configuration sources.
22:57:43.612 INFO  To enable URLs as dynamic configuration sources, define System property archaius.configurationSource.additionalUrls or make config.properties available on classpath.
22:57:43.630 INFO  DynamicPropertyFactory is initialized with configuration sources: com.netflix.config.ConcurrentCompositeConfiguration@4c2bea52
22:57:44.455 INFO  Initializing ExecutorService 'taskScheduler'
22:57:45.028 DEBUG Filter 'requestLoggingFilter' configured for use
22:57:45.077 WARN  No URLs will be polled as dynamic configuration sources.
22:57:45.078 INFO  To enable URLs as dynamic configuration sources, define System property archaius.configurationSource.additionalUrls or make config.properties available on classpath.
22:57:45.276 INFO  Initializing ExecutorService 'applicationTaskExecutor'
22:57:45.751 INFO  Looking up function 'null' with acceptedOutputTypes: []
22:57:46.167 WARN  You already have RibbonLoadBalancerClient on your classpath. It will be used by default. As Spring Cloud Ribbon is in maintenance mode. We recommend switching to BlockingLoadBalancerClient instead. In order to use it, set the value of `spring.cloud.loadbalancer.ribbon.enabled` to `false` or remove spring-cloud-starter-netflix-ribbon from your project.
22:57:46.314 INFO  Initializing ExecutorService 'configWatchTaskScheduler'
22:57:46.328 INFO  Initializing ExecutorService 'catalogWatchTaskScheduler'
22:57:46.473 INFO  Exposing 2 endpoint(s) beneath base path '/actuator'
22:57:46.623 INFO  Channel 'account-service-1.springCloudBusInput' has 1 subscriber(s).
22:57:46.772 INFO  Registering MessageChannel springCloudBusInput
22:57:46.845 INFO  Registering MessageChannel springCloudBusOutput
22:57:46.854 INFO  Registering MessageChannel nullChannel
22:57:46.867 INFO  Registering MessageChannel errorChannel
22:57:46.911 INFO  Registering MessageHandler errorLogger
22:57:46.933 INFO  Registering MessageHandler org.springframework.cloud.stream.binding.StreamListenerMessageHandler@cae4952
22:57:47.215 INFO  Adding {logging-channel-adapter:_org.springframework.integration.errorLogger} as a subscriber to the 'errorChannel' channel
22:57:47.215 INFO  Channel 'account-service-1.errorChannel' has 1 subscriber(s).
22:57:47.215 INFO  started bean '_org.springframework.integration.errorLogger'
22:57:47.274 INFO  Located property source: CompositePropertySource {name='consul', propertySources=[ConsulPropertySource {name='config/account-service/'}, ConsulPropertySource {name='config/application/'}]}
22:57:52.318 INFO  Adding {message-handler:outbound.springCloudBus} as a subscriber to the 'springCloudBusOutput' channel
22:57:52.319 INFO  Channel 'account-service-1.springCloudBusOutput' has 1 subscriber(s).
22:57:52.319 INFO  started bean 'outbound.springCloudBus'
22:57:52.335 INFO  started org.springframework.cloud.consul.binder.ConsulInboundMessageProducer@5feaafb3
22:57:52.369 INFO  Starting ProtocolHandler ["http-nio-54216"]
22:57:52.401 INFO  Tomcat started on port(s): 54216 (http) with context path ''
22:58:01.437 INFO  Registering service with consul: NewService{id='m-192-168-31-163-account-service-54216', name='account-service', tags=[secure=false], address='192.168.31.163', meta=null, port=54216, enableTagOverride=null, check=Check{script='null', interval='10s', ttl='null', http='http://192.168.31.163:54216/actuator/health', method='null', header={}, tcp='null', timeout='null', deregisterCriticalServiceAfter='null', tlsSkipVerify=null, status='null'}, checks=null}
22:58:01.487 INFO  Started AccountApplication in 33.567 seconds (JVM running for 35.487)
22:58:02.088 INFO  Initializing Spring DispatcherServlet 'dispatcherServlet'
22:58:02.092 INFO  Initializing Servlet 'dispatcherServlet'
22:58:02.133 INFO  Completed initialization in 41 ms
22:58:06.854 INFO  stopped org.springframework.cloud.consul.binder.ConsulInboundMessageProducer@5feaafb3
22:58:06.856 INFO  Removing {message-handler:outbound.springCloudBus} as a subscriber to the 'springCloudBusOutput' channel
22:58:06.859 INFO  Channel 'account-service-1.springCloudBusOutput' has 0 subscriber(s).
22:58:06.860 INFO  stopped bean 'outbound.springCloudBus'
22:58:06.861 INFO  Removing {logging-channel-adapter:_org.springframework.integration.errorLogger} as a subscriber to the 'errorChannel' channel
22:58:06.863 INFO  Channel 'account-service-1.errorChannel' has 0 subscriber(s).
22:58:06.863 INFO  stopped bean '_org.springframework.integration.errorLogger'
22:58:06.875 INFO  Shutting down ExecutorService 'catalogWatchTaskScheduler'
22:58:06.876 INFO  Shutting down ExecutorService 'configWatchTaskScheduler'
22:58:06.877 INFO  Deregistering service with consul: m-192-168-31-163-account-service-54216
22:58:06.910 INFO  Shutting down ExecutorService 'applicationTaskExecutor'
22:58:06.922 INFO  Shutting down ExecutorService 'taskScheduler'
22:58:06.938 INFO  Summary on shutdown: bean 'springCloudBusInput'
22:58:06.939 INFO  Summary on shutdown: bean 'springCloudBusOutput'
22:58:06.939 INFO  Summary on shutdown: nullChannel
22:58:06.939 INFO  Summary on shutdown: bean 'errorChannel'
22:58:06.940 INFO  Summary on shutdown: bean '_org.springframework.integration.errorLogger.handler' for component '_org.springframework.integration.errorLogger'
22:58:06.940 INFO  Summary on shutdown: org.springframework.cloud.stream.binding.StreamListenerMessageHandler@cae4952
